2024/10/03 20:22:47 Received {c0 n0 {"type":"init","node_id":"n0","node_ids":["n0"],"msg_id":1}}
2024/10/03 20:22:47 Node n0 initialized
2024/10/03 20:22:47 Sent {"src":"n0","dest":"c0","body":{"in_reply_to":1,"type":"init_ok"}}
2024/10/03 20:22:47 Received {c1 n0 {"type":"topology","topology":{"n0":[]},"msg_id":1}}
2024/10/03 20:22:47 Sent {"src":"n0","dest":"c1","body":{"in_reply_to":1,"type":"topology_ok"}}
2024/10/03 20:22:47 Received {c2 n0 {"type":"read","msg_id":1}}
2024/10/03 20:22:47 Sent {"src":"n0","dest":"c2","body":{"in_reply_to":1,"messages":null,"type":"read_ok"}}
2024/10/03 20:22:47 Received {c2 n0 {"type":"read","msg_id":2}}
2024/10/03 20:22:47 Sent {"src":"n0","dest":"c2","body":{"in_reply_to":2,"messages":null,"type":"read_ok"}}
2024/10/03 20:22:47 Received {c2 n0 {"type":"read","msg_id":3}}
2024/10/03 20:22:47 Sent {"src":"n0","dest":"c2","body":{"in_reply_to":3,"messages":null,"type":"read_ok"}}
2024/10/03 20:22:48 Received {c2 n0 {"type":"broadcast","message":0,"msg_id":4}}
panic: interface conversion: interface {} is float64, not int

goroutine 39 [running]:
main.main.func1({{0x140001103d8, 0x2}, {0x140001103da, 0x2}, {0x14000128030, 0x2b, 0x30}})
	/Users/tamjidahmed/code/maelstorm/broadcase/main.go:24 +0x270
github.com/jepsen-io/maelstrom/demo/go.(*Node).handleMessage(0x1400012c000, 0x0?, {{0x140001103d8, 0x2}, {0x140001103da, 0x2}, {0x14000128030, 0x2b, 0x30}})
	/Users/tamjidahmed/go/pkg/mod/github.com/jepsen-io/maelstrom/demo/go@v0.0.0-20240813160128-8b9e94c75e59/node.go:151 +0x6c
github.com/jepsen-io/maelstrom/demo/go.(*Node).Run.func2()
	/Users/tamjidahmed/go/pkg/mod/github.com/jepsen-io/maelstrom/demo/go@v0.0.0-20240813160128-8b9e94c75e59/node.go:129 +0x78
created by github.com/jepsen-io/maelstrom/demo/go.(*Node).Run in goroutine 1
	/Users/tamjidahmed/go/pkg/mod/github.com/jepsen-io/maelstrom/demo/go@v0.0.0-20240813160128-8b9e94c75e59/node.go:127 +0x468
