2024-10-03 20:22:46,100{GMT}	INFO	[jepsen test runner] jepsen.core: Command line:
lein run test -w broadcast --bin ./bin/main --time-limit 20 --rate 10 --node-count 1 --availability total --nemesis partition
2024-10-03 20:22:46,147{GMT}	INFO	[jepsen test runner] jepsen.core: Running test:
{:args []
 :remote
 #jepsen.control.retry.Remote{:remote #jepsen.control.scp.Remote{:cmd-remote #jepsen.control.sshj.SSHJRemote{:concurrency-limit 6,
                                                                                                             :conn-spec nil,
                                                                                                             :client nil,
                                                                                                             :semaphore nil},
                                                                 :conn-spec nil},
                              :conn nil}
 :log-net-send false
 :node-count 1
 :availability :total
 :max-txn-length 4
 :concurrency 1
 :db
 #object[maelstrom.db$db$reify__16142
         "0x623dc959"
         "maelstrom.db$db$reify__16142@623dc959"]
 :max-writes-per-key 16
 :leave-db-running? false
 :name "broadcast"
 :logging-json? false
 :start-time
 #object[org.joda.time.DateTime "0x527e6bd3" "2024-10-03T20:22:46.063+06:00"]
 :nemesis-interval 10
 :net
 #object[maelstrom.net$jepsen_net$reify__15251
         "0x4867e76b"
         "maelstrom.net$jepsen_net$reify__15251@4867e76b"]
 :client
 #object[maelstrom.workload.broadcast$client$reify__16644
         "0x6ba3eee9"
         "maelstrom.workload.broadcast$client$reify__16644@6ba3eee9"]
 :barrier
 #object[java.util.concurrent.CyclicBarrier
         "0x1d628a88"
         "java.util.concurrent.CyclicBarrier@1d628a88"]
 :log-stderr false
 :pure-generators true
 :ssh {:dummy? true}
 :rate 10.0
 :checker
 #object[jepsen.checker$compose$reify__11881
         "0x3c634a04"
         "jepsen.checker$compose$reify__11881@3c634a04"]
 :argv
 ("test"
  "-w"
  "broadcast"
  "--bin"
  "./bin/main"
  "--time-limit"
  "20"
  "--rate"
  "10"
  "--node-count"
  "1"
  "--availability"
  "total"
  "--nemesis"
  "partition")
 :nemesis
 (jepsen.nemesis.ReflCompose
  {:fm {:start-partition 0,
        :stop-partition 0,
        :kill 1,
        :start 1,
        :pause 1,
        :resume 1},
   :nemeses [#unprintable "jepsen.nemesis.combined$partition_nemesis$reify__16416@4b48be5c"
             #unprintable "jepsen.nemesis.combined$db_nemesis$reify__16397@3fe8d57a"]})
 :nodes ["n0"]
 :test-count 1
 :latency {:mean 0, :dist :constant}
 :bin "./bin/main"
 :generator
 ((jepsen.generator.Synchronize
   {:gen (jepsen.generator.TimeLimit
          {:limit 20000000000,
           :cutoff nil,
           :gen (jepsen.generator.Any
                 {:gens [(jepsen.generator.OnThreads
                          {:f #{:nemesis},
                           :context-filter #object[jepsen.generator.context$make_thread_filter$lazy_filter__9167
                                                   "0x29cd48bd"
                                                   "jepsen.generator.context$make_thread_filter$lazy_filter__9167@29cd48bd"],
                           :gen (jepsen.generator.Stagger
                                 {:dt 20000000000,
                                  :next-time nil,
                                  :gen (jepsen.generator.FlipFlop
                                        {:gens [#object[jepsen.nemesis.combined$partition_package$start__16420
                                                        "0x49e3b86b"
                                                        "jepsen.nemesis.combined$partition_package$start__16420@49e3b86b"]
                                                ({:type :info,
                                                  :f :stop-partition,
                                                  :value nil}
                                                 {:type :info,
                                                  :f :stop-partition,
                                                  :value nil}
                                                 {:type :info,
                                                  :f :stop-partition,
                                                  :value nil}
                                                 {:type :info,
                                                  :f :stop-partition,
                                                  :value nil}
                                                 {:type :info,
                                                  :f :stop-partition,
                                                  :value nil}
                                                 {:type :info,
                                                  :f :stop-partition,
                                                  :value nil}
                                                 {:type :info,
                                                  :f :stop-partition,
                                                  :value nil}
                                                 {:type :info,
                                                  :f :stop-partition,
                                                  :value nil}
                                                 ...)],
                                         :i 0})})})
                         (jepsen.generator.OnThreads
                          {:f #jepsen.generator.context.AllBut{:element :nemesis},
                           :context-filter #object[jepsen.generator.context$make_thread_filter$lazy_filter__9167
                                                   "0x771c4015"
                                                   "jepsen.generator.context$make_thread_filter$lazy_filter__9167@771c4015"],
                           :gen (jepsen.generator.Stagger
                                 {:dt 200000000,
                                  :next-time nil,
                                  :gen (jepsen.generator.Mix
                                        {:i 1,
                                         :gens [({:f :broadcast, :value 0}
                                                 {:f :broadcast, :value 1}
                                                 {:f :broadcast, :value 2}
                                                 {:f :broadcast, :value 3}
                                                 {:f :broadcast, :value 4}
                                                 {:f :broadcast, :value 5}
                                                 {:f :broadcast, :value 6}
                                                 {:f :broadcast, :value 7}
                                                 ...)
                                                ({:f :read}
                                                 {:f :read}
                                                 {:f :read}
                                                 {:f :read}
                                                 {:f :read}
                                                 {:f :read}
                                                 {:f :read}
                                                 {:f :read}
                                                 ...)]})})})]})})})
  (jepsen.generator.Synchronize
   {:gen (jepsen.generator.OnThreads
          {:f #{:nemesis},
           :context-filter #object[jepsen.generator.context$make_thread_filter$lazy_filter__9167
                                   "0x34d776eb"
                                   "jepsen.generator.context$make_thread_filter$lazy_filter__9167@34d776eb"],
           :gen ({:type :info, :f :stop-partition, :value nil})})})
  (jepsen.generator.Synchronize
   {:gen {:type :log, :value "Waiting for recovery..."}})
  (jepsen.generator.Synchronize {:gen {:type :sleep, :value 10}})
  (jepsen.generator.Synchronize
   {:gen (jepsen.generator.OnThreads
          {:f #jepsen.generator.context.AllBut{:element :nemesis},
           :context-filter #object[jepsen.generator.context$make_thread_filter$lazy_filter__9167
                                   "0x60a3a0fa"
                                   "jepsen.generator.context$make_thread_filter$lazy_filter__9167@60a3a0fa"],
           :gen (jepsen.generator.EachThread
                 {:fresh-gen {:f :read, :final? true},
                  :context-filters #object[clojure.core$promise$reify__8591
                                           "0x17734113"
                                           {:status :pending, :val nil}],
                  :gens {}})})}))
 :log-net-recv false
 :os
 #object[maelstrom.net$jepsen_os$reify__15254
         "0x27aa700"
         "maelstrom.net$jepsen_os$reify__15254@27aa700"]
 :time-limit 20
 :workload :broadcast
 :consistency-models [:strict-serializable]
 :topology :grid}

2024-10-03 20:22:47,055{GMT}	INFO	[jepsen node n0] maelstrom.net: Starting Maelstrom network
2024-10-03 20:22:47,055{GMT}	INFO	[jepsen test runner] jepsen.db: Tearing down DB
2024-10-03 20:22:47,056{GMT}	INFO	[jepsen test runner] jepsen.db: Setting up DB
2024-10-03 20:22:47,057{GMT}	INFO	[jepsen node n0] maelstrom.service: Starting services: (lin-kv lin-tso lww-kv seq-kv)
2024-10-03 20:22:47,058{GMT}	INFO	[jepsen node n0] maelstrom.db: Setting up n0
2024-10-03 20:22:47,058{GMT}	INFO	[jepsen node n0] maelstrom.process: launching ./bin/main []
2024-10-03 20:22:47,692{GMT}	INFO	[jepsen test runner] jepsen.core: Relative time begins now
2024-10-03 20:22:47,708{GMT}	INFO	[jepsen worker nemesis] jepsen.util: :nemesis	:info	:start-partition	:one
2024-10-03 20:22:47,708{GMT}	INFO	[jepsen worker 0] jepsen.util: 0	:invoke	:read	nil
2024-10-03 20:22:47,711{GMT}	INFO	[jepsen worker 0] jepsen.util: 0	:ok	:read	nil
2024-10-03 20:22:47,711{GMT}	INFO	[jepsen worker nemesis] jepsen.util: :nemesis	:info	:start-partition	[:isolated {"n0" #{}}]
2024-10-03 20:22:47,813{GMT}	INFO	[jepsen worker 0] jepsen.util: 0	:invoke	:read	nil
2024-10-03 20:22:47,813{GMT}	INFO	[jepsen worker 0] jepsen.util: 0	:ok	:read	nil
2024-10-03 20:22:47,862{GMT}	INFO	[jepsen worker 0] jepsen.util: 0	:invoke	:read	nil
2024-10-03 20:22:47,863{GMT}	INFO	[jepsen worker 0] jepsen.util: 0	:ok	:read	nil
2024-10-03 20:22:48,057{GMT}	INFO	[jepsen worker 0] jepsen.util: 0	:invoke	:broadcast	0
2024-10-03 20:22:52,411{GMT}	INFO	[jepsen worker nemesis] jepsen.util: :nemesis	:info	:stop-partition	nil
2024-10-03 20:22:52,412{GMT}	INFO	[jepsen worker nemesis] jepsen.util: :nemesis	:info	:stop-partition	:network-healed
2024-10-03 20:22:53,063{GMT}	INFO	[jepsen worker 0] jepsen.util: 0	:info	:broadcast	0	:net-timeout
2024-10-03 20:22:53,063{GMT}	INFO	[jepsen worker 0] jepsen.util: 1	:invoke	:broadcast	1
2024-10-03 20:22:53,548{GMT}	INFO	[jepsen worker nemesis] jepsen.util: :nemesis	:info	:start-partition	:majorities-ring
2024-10-03 20:22:53,550{GMT}	INFO	[jepsen worker nemesis] jepsen.util: :nemesis	:info	:start-partition	[:isolated {"n0" #{}}]
2024-10-03 20:22:58,068{GMT}	INFO	[jepsen worker 0] jepsen.util: 1	:info	:broadcast	1	:net-timeout
2024-10-03 20:22:58,068{GMT}	INFO	[jepsen worker 0] jepsen.util: 2	:invoke	:broadcast	2
2024-10-03 20:22:59,226{GMT}	INFO	[jepsen worker nemesis] jepsen.util: :nemesis	:info	:stop-partition	nil
2024-10-03 20:22:59,226{GMT}	INFO	[jepsen worker nemesis] jepsen.util: :nemesis	:info	:stop-partition	:network-healed
2024-10-03 20:23:03,068{GMT}	INFO	[jepsen worker 0] jepsen.util: 2	:info	:broadcast	2	:net-timeout
2024-10-03 20:23:03,069{GMT}	INFO	[jepsen worker 0] jepsen.util: 3	:invoke	:broadcast	3
2024-10-03 20:23:08,073{GMT}	INFO	[jepsen worker 0] jepsen.util: 3	:info	:broadcast	3	:net-timeout
2024-10-03 20:23:08,074{GMT}	INFO	[jepsen worker nemesis] jepsen.util: :nemesis	:info	:stop-partition	nil
2024-10-03 20:23:08,074{GMT}	INFO	[jepsen worker nemesis] jepsen.util: :nemesis	:info	:stop-partition	:network-healed
2024-10-03 20:23:08,074{GMT}	INFO	[jepsen worker 0] jepsen.generator.interpreter: Waiting for recovery...
2024-10-03 20:23:18,080{GMT}	INFO	[jepsen worker 0] jepsen.util: 4	:invoke	:read	nil
2024-10-03 20:23:23,086{GMT}	INFO	[jepsen worker 0] jepsen.util: 4	:fail	:read	nil	:net-timeout
2024-10-03 20:23:23,099{GMT}	INFO	[jepsen test runner] jepsen.core: Run complete, writing
2024-10-03 20:23:23,125{GMT}	INFO	[jepsen node n0] maelstrom.db: Tearing down n0
2024-10-03 20:23:24,114{GMT}	INFO	[jepsen node n0] maelstrom.net: Shutting down Maelstrom network
2024-10-03 20:23:24,116{GMT}	WARN	[jepsen test runner] jepsen.core: Test crashed!
clojure.lang.ExceptionInfo: Node n0 crashed with exit status 2. Before crashing, it wrote to STDOUT:

{"src":"n0","dest":"c0","body":{"in_reply_to":1,"type":"init_ok"}}
{"src":"n0","dest":"c1","body":{"in_reply_to":1,"type":"topology_ok"}}
{"src":"n0","dest":"c2","body":{"in_reply_to":1,"messages":null,"type":"read_ok"}}
{"src":"n0","dest":"c2","body":{"in_reply_to":2,"messages":null,"type":"read_ok"}}
{"src":"n0","dest":"c2","body":{"in_reply_to":3,"messages":null,"type":"read_ok"}}

And to STDERR:

2024/10/03 20:22:47 Received {c0 n0 {"type":"init","node_id":"n0","node_ids":["n0"],"msg_id":1}}
2024/10/03 20:22:47 Node n0 initialized
2024/10/03 20:22:47 Sent {"src":"n0","dest":"c0","body":{"in_reply_to":1,"type":"init_ok"}}
2024/10/03 20:22:47 Received {c1 n0 {"type":"topology","topology":{"n0":[]},"msg_id":1}}
2024/10/03 20:22:47 Sent {"src":"n0","dest":"c1","body":{"in_reply_to":1,"type":"topology_ok"}}
2024/10/03 20:22:47 Received {c2 n0 {"type":"read","msg_id":1}}
2024/10/03 20:22:47 Sent {"src":"n0","dest":"c2","body":{"in_reply_to":1,"messages":null,"type":"read_ok"}}
2024/10/03 20:22:47 Received {c2 n0 {"type":"read","msg_id":2}}
2024/10/03 20:22:47 Sent {"src":"n0","dest":"c2","body":{"in_reply_to":2,"messages":null,"type":"read_ok"}}
2024/10/03 20:22:47 Received {c2 n0 {"type":"read","msg_id":3}}
2024/10/03 20:22:47 Sent {"src":"n0","dest":"c2","body":{"in_reply_to":3,"messages":null,"type":"read_ok"}}
2024/10/03 20:22:48 Received {c2 n0 {"type":"broadcast","message":0,"msg_id":4}}
panic: interface conversion: interface {} is float64, not int

goroutine 39 [running]:
main.main.func1({{0x140001103d8, 0x2}, {0x140001103da, 0x2}, {0x14000128030, 0x2b, 0x30}})
	/Users/tamjidahmed/code/maelstorm/broadcase/main.go:24 +0x270
github.com/jepsen-io/maelstrom/demo/go.(*Node).handleMessage(0x1400012c000, 0x0?, {{0x140001103d8, 0x2}, {0x140001103da, 0x2}, {0x14000128030, 0x2b, 0x30}})
	/Users/tamjidahmed/go/pkg/mod/github.com/jepsen-io/maelstrom/demo/go@v0.0.0-20240813160128-8b9e94c75e59/node.go:151 +0x6c
github.com/jepsen-io/maelstrom/demo/go.(*Node).Run.func2()
	/Users/tamjidahmed/go/pkg/mod/github.com/jepsen-io/maelstrom/demo/go@v0.0.0-20240813160128-8b9e94c75e59/node.go:129 +0x78
created by github.com/jepsen-io/maelstrom/demo/go.(*Node).Run in goroutine 1
	/Users/tamjidahmed/go/pkg/mod/github.com/jepsen-io/maelstrom/demo/go@v0.0.0-20240813160128-8b9e94c75e59/node.go:127 +0x468

Full STDERR logs are available in /Users/tamjidahmed/code/maelstorm/broadcase/store/broadcast/20241003T202246.063+0600/node-logs/n0.log
	at slingshot.support$stack_trace.invoke(support.clj:201)
	at maelstrom.process$stop_node_BANG_.invokeStatic(process.clj:239)
	at maelstrom.process$stop_node_BANG_.invoke(process.clj:217)
	at maelstrom.db$db$reify__16142.teardown_BANG_(db.clj:75)
	at jepsen.db$fn__8744$G__8725__8748.invoke(db.clj:12)
	at jepsen.db$fn__8744$G__8724__8753.invoke(db.clj:12)
	at clojure.core$partial$fn__5908.invoke(core.clj:2642)
	at jepsen.control$on_nodes$fn__8599.invoke(control.clj:314)
	at clojure.lang.AFn.applyToHelper(AFn.java:154)
	at clojure.lang.AFn.applyTo(AFn.java:144)
	at clojure.core$apply.invokeStatic(core.clj:667)
	at clojure.core$with_bindings_STAR_.invokeStatic(core.clj:1990)
	at clojure.core$with_bindings_STAR_.doInvoke(core.clj:1990)
	at clojure.lang.RestFn.applyTo(RestFn.java:142)
	at clojure.core$apply.invokeStatic(core.clj:671)
	at clojure.core$bound_fn_STAR_$fn__5818.doInvoke(core.clj:2020)
	at clojure.lang.RestFn.invoke(RestFn.java:408)
	at dom_top.core$real_pmap_helper$build_thread__211$fn__212.invoke(core.clj:163)
	at clojure.lang.AFn.applyToHelper(AFn.java:152)
	at clojure.lang.AFn.applyTo(AFn.java:144)
	at clojure.core$apply.invokeStatic(core.clj:667)
	at clojure.core$with_bindings_STAR_.invokeStatic(core.clj:1990)
	at clojure.core$with_bindings_STAR_.doInvoke(core.clj:1990)
	at clojure.lang.RestFn.invoke(RestFn.java:425)
	at clojure.lang.AFn.applyToHelper(AFn.java:156)
	at clojure.lang.RestFn.applyTo(RestFn.java:132)
	at clojure.core$apply.invokeStatic(core.clj:671)
	at clojure.core$bound_fn_STAR_$fn__5818.doInvoke(core.clj:2020)
	at clojure.lang.RestFn.invoke(RestFn.java:397)
	at clojure.lang.AFn.run(AFn.java:22)
	at java.base/java.lang.Thread.run(Thread.java:1583)
